This file contains any messages produced by compilers while
running configure, to aid debugging if configure makes a mistake.

It was created by oll configure 0.03, which was
generated by GNU Autoconf 2.61.  Invocation command line was

  $ ./configure 

## --------- ##
## Platform. ##
## --------- ##

hostname = hecomba
uname -m = x86_64
uname -r = 11.4.2
uname -s = Darwin
uname -v = Darwin Kernel Version 11.4.2: Wed May 30 20:13:51 PDT 2012; root:xnu-1699.31.2~1/RELEASE_X86_64

/usr/bin/uname -p = i386
/bin/uname -X     = unknown

/bin/arch              = unknown
/usr/bin/arch -k       = unknown
/usr/convex/getsysinfo = unknown
/usr/bin/hostinfo      = Mach kernel version:
	 Darwin Kernel Version 11.4.2: Wed May 30 20:13:51 PDT 2012; root:xnu-1699.31.2~1/RELEASE_X86_64
Kernel configured for up to 4 processors.
2 processors are physically available.
4 processors are logically available.
Processor type: i486 (Intel 80486)
Processors active: 0 1 2 3
Primary memory available: 8.00 gigabytes
Default processor set: 129 tasks, 612 threads, 4 processors
Load average: 3.00, Mach factor: 2.10
/bin/machine           = unknown
/usr/bin/oslevel       = unknown
/bin/universe          = unknown

PATH: /usr/local/bin
PATH: /usr/gcc-4.8/bin
PATH: /usr/gcc-4.7/bin
PATH: /Users/hecomi/.rvm/bin/
PATH: /Users/hecomi/.rvm/gems/ruby-1.9.2-p290/gems/earthquake-0.9.0/bin/
PATH: /usr/local/clang-3.1/bin
PATH: /Users/hecomi/.nave/installed/0.6.9/bin
PATH: /usr/bin
PATH: /bin
PATH: /usr/sbin
PATH: /sbin
PATH: /usr/local/bin
PATH: /usr/X11/bin
PATH: /usr/gcc-4.8/bin
PATH: /usr/gcc-4.7/bin
PATH: /Users/hecomi/.rvm/bin/
PATH: /Users/hecomi/.rvm/gems/ruby-1.9.2-p290/gems/earthquake-0.9.0/bin/
PATH: /usr/local/clang-3.1/bin
PATH: /Users/hecomi/.nave/installed/0.6.9/bin


## ----------- ##
## Core tests. ##
## ----------- ##

configure:1979: checking for a BSD-compatible install
configure:2035: result: /usr/bin/install -c
configure:2046: checking whether build environment is sane
configure:2089: result: yes
configure:2117: checking for a thread-safe mkdir -p
configure:2156: result: ./install-sh -c -d
configure:2169: checking for gawk
configure:2199: result: no
configure:2169: checking for mawk
configure:2199: result: no
configure:2169: checking for nawk
configure:2199: result: no
configure:2169: checking for awk
configure:2185: found /usr/bin/awk
configure:2196: result: awk
configure:2207: checking whether make sets $(MAKE)
configure:2228: result: yes
configure:2476: checking for g++
configure:2492: found /usr/bin/g++
configure:2503: result: g++
configure:2534: checking for C++ compiler version
configure:2541: g++ --version >&5
i686-apple-darwin11-llvm-g++-4.2 (GCC) 4.2.1 (Based on Apple Inc. build 5658) (LLVM build 2336.9.00)
Copyright (C) 2007 Free Software Foundation, Inc.
This is free software; see the source for copying conditions.  There is NO
warranty; not even for MERCHANTABILITY or FITNESS FOR A PARTICULAR PURPOSE.

configure:2544: $? = 0
configure:2551: g++ -v >&5
Using built-in specs.
Target: i686-apple-darwin11
Configured with: /private/var/tmp/llvmgcc42/llvmgcc42-2336.9~22/src/configure --disable-checking --enable-werror --prefix=/Applications/Xcode.app/Contents/Developer/usr/llvm-gcc-4.2 --mandir=/share/man --enable-languages=c,objc,c++,obj-c++ --program-prefix=llvm- --program-transform-name=/^[cg][^.-]*$/s/$/-4.2/ --with-slibdir=/usr/lib --build=i686-apple-darwin11 --enable-llvm=/private/var/tmp/llvmgcc42/llvmgcc42-2336.9~22/dst-llvmCore/Developer/usr/local --program-prefix=i686-apple-darwin11- --host=x86_64-apple-darwin11 --target=i686-apple-darwin11 --with-gxx-include-dir=/usr/include/c++/4.2.1
Thread model: posix
gcc version 4.2.1 (Based on Apple Inc. build 5658) (LLVM build 2336.9.00)
configure:2554: $? = 0
configure:2561: g++ -V >&5
llvm-g++-4.2: argument to `-V' is missing
configure:2564: $? = 1
configure:2587: checking for C++ compiler default output file name
configure:2614: g++    conftest.cpp  >&5
configure:2617: $? = 0
configure:2655: result: a.out
configure:2672: checking whether the C++ compiler works
configure:2682: ./a.out
configure:2685: $? = 0
configure:2702: result: yes
configure:2709: checking whether we are cross compiling
configure:2711: result: no
configure:2714: checking for suffix of executables
configure:2721: g++ -o conftest    conftest.cpp  >&5
configure:2724: $? = 0
configure:2748: result: 
configure:2754: checking for suffix of object files
configure:2780: g++ -c   conftest.cpp >&5
configure:2783: $? = 0
configure:2806: result: o
configure:2810: checking whether we are using the GNU C++ compiler
configure:2839: g++ -c   conftest.cpp >&5
configure:2845: $? = 0
configure:2862: result: yes
configure:2867: checking whether g++ accepts -g
configure:2897: g++ -c -g  conftest.cpp >&5
configure:2903: $? = 0
configure:3002: result: yes
configure:3036: checking for style of include used by make
configure:3064: result: GNU
configure:3089: checking dependency style of g++
configure:3180: result: gcc3
configure:3228: checking build system type
configure:3246: result: i386-apple-darwin11.4.2
configure:3268: checking host system type
configure:3283: result: i386-apple-darwin11.4.2
configure:3353: checking for gcc
configure:3369: found /usr/bin/gcc
configure:3380: result: gcc
configure:3618: checking for C compiler version
configure:3625: gcc --version >&5
i686-apple-darwin11-llvm-gcc-4.2 (GCC) 4.2.1 (Based on Apple Inc. build 5658) (LLVM build 2336.9.00)
Copyright (C) 2007 Free Software Foundation, Inc.
This is free software; see the source for copying conditions.  There is NO
warranty; not even for MERCHANTABILITY or FITNESS FOR A PARTICULAR PURPOSE.

configure:3628: $? = 0
configure:3635: gcc -v >&5
Using built-in specs.
Target: i686-apple-darwin11
Configured with: /private/var/tmp/llvmgcc42/llvmgcc42-2336.9~22/src/configure --disable-checking --enable-werror --prefix=/Applications/Xcode.app/Contents/Developer/usr/llvm-gcc-4.2 --mandir=/share/man --enable-languages=c,objc,c++,obj-c++ --program-prefix=llvm- --program-transform-name=/^[cg][^.-]*$/s/$/-4.2/ --with-slibdir=/usr/lib --build=i686-apple-darwin11 --enable-llvm=/private/var/tmp/llvmgcc42/llvmgcc42-2336.9~22/dst-llvmCore/Developer/usr/local --program-prefix=i686-apple-darwin11- --host=x86_64-apple-darwin11 --target=i686-apple-darwin11 --with-gxx-include-dir=/usr/include/c++/4.2.1
Thread model: posix
gcc version 4.2.1 (Based on Apple Inc. build 5658) (LLVM build 2336.9.00)
configure:3638: $? = 0
configure:3645: gcc -V >&5
llvm-gcc-4.2: argument to `-V' is missing
configure:3648: $? = 1
configure:3651: checking whether we are using the GNU C compiler
configure:3680: gcc -c   conftest.c >&5
configure:3686: $? = 0
configure:3703: result: yes
configure:3708: checking whether gcc accepts -g
configure:3738: gcc -c -g  conftest.c >&5
configure:3744: $? = 0
configure:3843: result: yes
configure:3860: checking for gcc option to accept ISO C89
configure:3934: gcc  -c -g -O2  conftest.c >&5
configure:3940: $? = 0
configure:3963: result: none needed
configure:3983: checking dependency style of gcc
configure:4074: result: gcc3
configure:4089: checking for a sed that does not truncate output
configure:4168: result: /usr/bin/sed
configure:4186: checking for grep that handles long lines and -e
configure:4260: result: /usr/bin/grep
configure:4265: checking for egrep
configure:4343: result: /usr/bin/grep -E
configure:4348: checking for fgrep
configure:4426: result: /usr/bin/grep -F
configure:4461: checking for ld used by gcc
configure:4528: result: /usr/llvm-gcc-4.2/libexec/gcc/i686-apple-darwin11/4.2.1/ld
configure:4537: checking if the linker (/usr/llvm-gcc-4.2/libexec/gcc/i686-apple-darwin11/4.2.1/ld) is GNU ld
configure:4552: result: no
configure:4564: checking for BSD- or MS-compatible name lister (nm)
configure:4613: result: /usr/bin/nm
configure:4735: checking the name lister (/usr/bin/nm) interface
configure:4742: gcc -c -g -O2  conftest.c >&5
configure:4745: /usr/bin/nm "conftest.o"
configure:4748: output
00000000000001b0 S _some_variable
configure:4755: result: BSD nm
configure:4758: checking whether ln -s works
configure:4762: result: yes
configure:4770: checking the maximum length of command line arguments
configure:4890: result: 196608
configure:4907: checking whether the shell understands some XSI constructs
configure:4917: result: yes
configure:4921: checking whether the shell understands "+="
configure:4927: result: yes
configure:4962: checking for /usr/llvm-gcc-4.2/libexec/gcc/i686-apple-darwin11/4.2.1/ld option to reload object files
configure:4969: result: -r
configure:4996: checking how to recognize dependent libraries
configure:5186: result: pass_all
configure:5246: checking for ar
configure:5262: found /usr/bin/ar
configure:5273: result: ar
configure:5355: checking for strip
configure:5371: found /usr/bin/strip
configure:5382: result: strip
configure:5458: checking for ranlib
configure:5474: found /usr/bin/ranlib
configure:5485: result: ranlib
configure:5579: checking command to parse /usr/bin/nm output from gcc object
configure:5697: gcc -c -g -O2  conftest.c >&5
configure:5700: $? = 0
configure:5704: /usr/bin/nm conftest.o \| sed -n -e 's/^.*[	 ]\([BCDEGRST][BCDEGRST]*\)[	 ][	 ]*\([_A-Za-z][_A-Za-z0-9]*\)$/\1 \2 \2/p' \> conftest.nm
configure:5707: $? = 0
cannot find nm_test_var in conftest.nm
configure:5697: gcc -c -g -O2  conftest.c >&5
configure:5700: $? = 0
configure:5704: /usr/bin/nm conftest.o \| sed -n -e 's/^.*[	 ]\([BCDEGRST][BCDEGRST]*\)[	 ][	 ]*_\([_A-Za-z][_A-Za-z0-9]*\)$/\1 _\2 \2/p' \> conftest.nm
configure:5707: $? = 0
configure:5761: gcc -o conftest -g -O2   conftest.c conftstm.o >&5
configure:5764: $? = 0
configure:5802: result: ok
configure:6092: checking for dsymutil
configure:6108: found /usr/bin/dsymutil
configure:6119: result: dsymutil
configure:6188: checking for nmedit
configure:6204: found /usr/bin/nmedit
configure:6215: result: nmedit
configure:6284: checking for lipo
configure:6300: found /usr/bin/lipo
configure:6311: result: lipo
configure:6380: checking for otool
configure:6396: found /usr/bin/otool
configure:6407: result: otool
configure:6476: checking for otool64
configure:6506: result: no
configure:6555: checking for -single_module linker flag
gcc -g -O2  -o libconftest.dylib -dynamiclib -Wl,-single_module conftest.c
configure:6582: result: yes
configure:6584: checking for -exported_symbols_list linker flag
configure:6614: gcc -o conftest -g -O2   -Wl,-exported_symbols_list,conftest.sym conftest.c  >&5
configure:6620: $? = 0
configure:6639: result: yes
configure:6681: checking how to run the C preprocessor
configure:6721: gcc -E  conftest.c
configure:6727: $? = 0
configure:6758: gcc -E  conftest.c
conftest.c:10:28: error: ac_nonexistent.h: No such file or directory
configure:6764: $? = 1
configure: failed program was:
| /* confdefs.h.  */
| #define PACKAGE_NAME "oll"
| #define PACKAGE_TARNAME "oll"
| #define PACKAGE_VERSION "0.03"
| #define PACKAGE_STRING "oll 0.03"
| #define PACKAGE_BUGREPORT "hillbig@is.s.u-tokyo.ac.jp"
| #define PACKAGE "oll"
| #define VERSION "0.03"
| /* end confdefs.h.  */
| #include <ac_nonexistent.h>
configure:6797: result: gcc -E
configure:6826: gcc -E  conftest.c
configure:6832: $? = 0
configure:6863: gcc -E  conftest.c
conftest.c:10:28: error: ac_nonexistent.h: No such file or directory
configure:6869: $? = 1
configure: failed program was:
| /* confdefs.h.  */
| #define PACKAGE_NAME "oll"
| #define PACKAGE_TARNAME "oll"
| #define PACKAGE_VERSION "0.03"
| #define PACKAGE_STRING "oll 0.03"
| #define PACKAGE_BUGREPORT "hillbig@is.s.u-tokyo.ac.jp"
| #define PACKAGE "oll"
| #define VERSION "0.03"
| /* end confdefs.h.  */
| #include <ac_nonexistent.h>
configure:6907: checking for ANSI C header files
configure:6937: gcc -c -g -O2  conftest.c >&5
configure:6943: $? = 0
configure:7042: gcc -o conftest -g -O2   conftest.c  >&5
configure:7045: $? = 0
configure:7051: ./conftest
configure:7054: $? = 0
configure:7071: result: yes
configure:7095: checking for sys/types.h
configure:7116: gcc -c -g -O2  conftest.c >&5
configure:7122: $? = 0
configure:7138: result: yes
configure:7095: checking for sys/stat.h
configure:7116: gcc -c -g -O2  conftest.c >&5
configure:7122: $? = 0
configure:7138: result: yes
configure:7095: checking for stdlib.h
configure:7116: gcc -c -g -O2  conftest.c >&5
configure:7122: $? = 0
configure:7138: result: yes
configure:7095: checking for string.h
configure:7116: gcc -c -g -O2  conftest.c >&5
configure:7122: $? = 0
configure:7138: result: yes
configure:7095: checking for memory.h
configure:7116: gcc -c -g -O2  conftest.c >&5
configure:7122: $? = 0
configure:7138: result: yes
configure:7095: checking for strings.h
configure:7116: gcc -c -g -O2  conftest.c >&5
configure:7122: $? = 0
configure:7138: result: yes
configure:7095: checking for inttypes.h
configure:7116: gcc -c -g -O2  conftest.c >&5
configure:7122: $? = 0
configure:7138: result: yes
configure:7095: checking for stdint.h
configure:7116: gcc -c -g -O2  conftest.c >&5
configure:7122: $? = 0
configure:7138: result: yes
configure:7095: checking for unistd.h
configure:7116: gcc -c -g -O2  conftest.c >&5
configure:7122: $? = 0
configure:7138: result: yes
configure:7154: checking for dlfcn.h
configure:7175: gcc -c -g -O2  conftest.c >&5
configure:7181: $? = 0
configure:7197: result: yes
configure:7326: checking for C++ compiler version
configure:7333: g++ --version >&5
i686-apple-darwin11-llvm-g++-4.2 (GCC) 4.2.1 (Based on Apple Inc. build 5658) (LLVM build 2336.9.00)
Copyright (C) 2007 Free Software Foundation, Inc.
This is free software; see the source for copying conditions.  There is NO
warranty; not even for MERCHANTABILITY or FITNESS FOR A PARTICULAR PURPOSE.

configure:7336: $? = 0
configure:7343: g++ -v >&5
Using built-in specs.
Target: i686-apple-darwin11
Configured with: /private/var/tmp/llvmgcc42/llvmgcc42-2336.9~22/src/configure --disable-checking --enable-werror --prefix=/Applications/Xcode.app/Contents/Developer/usr/llvm-gcc-4.2 --mandir=/share/man --enable-languages=c,objc,c++,obj-c++ --program-prefix=llvm- --program-transform-name=/^[cg][^.-]*$/s/$/-4.2/ --with-slibdir=/usr/lib --build=i686-apple-darwin11 --enable-llvm=/private/var/tmp/llvmgcc42/llvmgcc42-2336.9~22/dst-llvmCore/Developer/usr/local --program-prefix=i686-apple-darwin11- --host=x86_64-apple-darwin11 --target=i686-apple-darwin11 --with-gxx-include-dir=/usr/include/c++/4.2.1
Thread model: posix
gcc version 4.2.1 (Based on Apple Inc. build 5658) (LLVM build 2336.9.00)
configure:7346: $? = 0
configure:7353: g++ -V >&5
llvm-g++-4.2: argument to `-V' is missing
configure:7356: $? = 1
configure:7359: checking whether we are using the GNU C++ compiler
configure:7411: result: yes
configure:7416: checking whether g++ accepts -g
configure:7551: result: yes
configure:7576: checking dependency style of g++
configure:7667: result: gcc3
configure:7690: checking how to run the C++ preprocessor
configure:7726: g++ -E  conftest.cpp
configure:7732: $? = 0
configure:7763: g++ -E  conftest.cpp
conftest.cpp:21:28: error: ac_nonexistent.h: No such file or directory
configure:7769: $? = 1
configure: failed program was:
| /* confdefs.h.  */
| #define PACKAGE_NAME "oll"
| #define PACKAGE_TARNAME "oll"
| #define PACKAGE_VERSION "0.03"
| #define PACKAGE_STRING "oll 0.03"
| #define PACKAGE_BUGREPORT "hillbig@is.s.u-tokyo.ac.jp"
| #define PACKAGE "oll"
| #define VERSION "0.03"
| #define STDC_HEADERS 1
| #define HAVE_SYS_TYPES_H 1
| #define HAVE_SYS_STAT_H 1
| #define HAVE_STDLIB_H 1
| #define HAVE_STRING_H 1
| #define HAVE_MEMORY_H 1
| #define HAVE_STRINGS_H 1
| #define HAVE_INTTYPES_H 1
| #define HAVE_STDINT_H 1
| #define HAVE_UNISTD_H 1
| #define HAVE_DLFCN_H 1
| /* end confdefs.h.  */
| #include <ac_nonexistent.h>
configure:7802: result: g++ -E
configure:7831: g++ -E  conftest.cpp
configure:7837: $? = 0
configure:7868: g++ -E  conftest.cpp
conftest.cpp:21:28: error: ac_nonexistent.h: No such file or directory
configure:7874: $? = 1
configure: failed program was:
| /* confdefs.h.  */
| #define PACKAGE_NAME "oll"
| #define PACKAGE_TARNAME "oll"
| #define PACKAGE_VERSION "0.03"
| #define PACKAGE_STRING "oll 0.03"
| #define PACKAGE_BUGREPORT "hillbig@is.s.u-tokyo.ac.jp"
| #define PACKAGE "oll"
| #define VERSION "0.03"
| #define STDC_HEADERS 1
| #define HAVE_SYS_TYPES_H 1
| #define HAVE_SYS_STAT_H 1
| #define HAVE_STDLIB_H 1
| #define HAVE_STRING_H 1
| #define HAVE_MEMORY_H 1
| #define HAVE_STRINGS_H 1
| #define HAVE_INTTYPES_H 1
| #define HAVE_STDINT_H 1
| #define HAVE_UNISTD_H 1
| #define HAVE_DLFCN_H 1
| /* end confdefs.h.  */
| #include <ac_nonexistent.h>
configure:8086: checking for objdir
configure:8101: result: .libs
configure:8393: checking if gcc supports -fno-rtti -fno-exceptions
configure:8411: gcc -c -g -O2  -fno-rtti -fno-exceptions conftest.c >&5
cc1: warning: command line option "-fno-rtti" is valid for C++/ObjC++ but not for C
configure:8415: $? = 0
configure:8428: result: no
configure:8448: checking for gcc option to produce PIC
configure:8705: result: -fno-common -DPIC
configure:8717: checking if gcc PIC flag -fno-common -DPIC works
configure:8735: gcc -c -g -O2  -fno-common -DPIC -DPIC conftest.c >&5
configure:8739: $? = 0
configure:8752: result: yes
configure:8776: checking if gcc static flag -static works
configure:8804: result: no
configure:8819: checking if gcc supports -c -o file.o
configure:8840: gcc -c -g -O2  -o out/conftest2.o conftest.c >&5
configure:8844: $? = 0
configure:8866: result: yes
configure:8874: checking if gcc supports -c -o file.o
configure:8921: result: yes
configure:8954: checking whether the gcc linker (/usr/llvm-gcc-4.2/libexec/gcc/i686-apple-darwin11/4.2.1/ld) supports shared libraries
configure:10009: result: yes
configure:10248: checking dynamic linker characteristics
configure:10939: result: darwin11.4.2 dyld
configure:11041: checking how to hardcode library paths into programs
configure:11066: result: immediate
configure:11879: checking whether stripping libraries is possible
configure:11893: result: yes
configure:11919: checking if libtool supports shared libraries
configure:11921: result: yes
configure:11924: checking whether to build shared libraries
configure:11945: result: yes
configure:11948: checking whether to build static libraries
configure:11952: result: yes
configure:12102: checking for ld used by g++
configure:12169: result: /usr/llvm-gcc-4.2/libexec/gcc/i686-apple-darwin11/4.2.1/ld
configure:12178: checking if the linker (/usr/llvm-gcc-4.2/libexec/gcc/i686-apple-darwin11/4.2.1/ld) is GNU ld
configure:12193: result: no
configure:12248: checking whether the g++ linker (/usr/llvm-gcc-4.2/libexec/gcc/i686-apple-darwin11/4.2.1/ld) supports shared libraries
configure:13210: result: yes
configure:13238: g++ -c -g -O2  conftest.cpp >&5
configure:13241: $? = 0
configure:13423: checking for g++ option to produce PIC
configure:13732: result: -fno-common -DPIC
configure:13741: checking if g++ PIC flag -fno-common -DPIC works
configure:13759: g++ -c -g -O2  -fno-common -DPIC -DPIC conftest.cpp >&5
configure:13763: $? = 0
configure:13776: result: yes
configure:13797: checking if g++ static flag -static works
configure:13825: result: no
configure:13837: checking if g++ supports -c -o file.o
configure:13858: g++ -c -g -O2  -o out/conftest2.o conftest.cpp >&5
configure:13862: $? = 0
configure:13884: result: yes
configure:13889: checking if g++ supports -c -o file.o
configure:13936: result: yes
configure:13966: checking whether the g++ linker (/usr/llvm-gcc-4.2/libexec/gcc/i686-apple-darwin11/4.2.1/ld) supports shared libraries
configure:13995: result: yes
configure:14132: checking dynamic linker characteristics
configure:14771: result: darwin11.4.2 dyld
configure:14822: checking how to hardcode library paths into programs
configure:14847: result: immediate
configure:14910: checking for stdbool.h that conforms to C99
configure:15003: gcc -c -g -O2  conftest.c >&5
conftest.c:75: error: initializer element is not constant
configure:15009: $? = 1
configure: failed program was:
| /* confdefs.h.  */
| #define PACKAGE_NAME "oll"
| #define PACKAGE_TARNAME "oll"
| #define PACKAGE_VERSION "0.03"
| #define PACKAGE_STRING "oll 0.03"
| #define PACKAGE_BUGREPORT "hillbig@is.s.u-tokyo.ac.jp"
| #define PACKAGE "oll"
| #define VERSION "0.03"
| #define STDC_HEADERS 1
| #define HAVE_SYS_TYPES_H 1
| #define HAVE_SYS_STAT_H 1
| #define HAVE_STDLIB_H 1
| #define HAVE_STRING_H 1
| #define HAVE_MEMORY_H 1
| #define HAVE_STRINGS_H 1
| #define HAVE_INTTYPES_H 1
| #define HAVE_STDINT_H 1
| #define HAVE_UNISTD_H 1
| #define HAVE_DLFCN_H 1
| #define LT_OBJDIR ".libs/"
| /* end confdefs.h.  */
| 
| #include <stdbool.h>
| #ifndef bool
|  "error: bool is not defined"
| #endif
| #ifndef false
|  "error: false is not defined"
| #endif
| #if false
|  "error: false is not 0"
| #endif
| #ifndef true
|  "error: true is not defined"
| #endif
| #if true != 1
|  "error: true is not 1"
| #endif
| #ifndef __bool_true_false_are_defined
|  "error: __bool_true_false_are_defined is not defined"
| #endif
| 
| 	struct s { _Bool s: 1; _Bool t; } s;
| 
| 	char a[true == 1 ? 1 : -1];
| 	char b[false == 0 ? 1 : -1];
| 	char c[__bool_true_false_are_defined == 1 ? 1 : -1];
| 	char d[(bool) 0.5 == true ? 1 : -1];
| 	bool e = &s;
| 	char f[(_Bool) 0.0 == false ? 1 : -1];
| 	char g[true];
| 	char h[sizeof (_Bool)];
| 	char i[sizeof s.t];
| 	enum { j = false, k = true, l = false * true, m = true * 256 };
| 	_Bool n[m];
| 	char o[sizeof n == m * sizeof n[0] ? 1 : -1];
| 	char p[-1 - (_Bool) 0 < 0 && -1 - (bool) 0 < 0 ? 1 : -1];
| #	if defined __xlc__ || defined __GNUC__
| 	 /* Catch a bug in IBM AIX xlc compiler version 6.0.0.0
| 	    reported by James Lemley on 2005-10-05; see
| 	    http://lists.gnu.org/archive/html/bug-coreutils/2005-10/msg00086.html
| 	    This test is not quite right, since xlc is allowed to
| 	    reject this program, as the initializer for xlcbug is
| 	    not one of the forms that C requires support for.
| 	    However, doing the test right would require a runtime
| 	    test, and that would make cross-compilation harder.
| 	    Let us hope that IBM fixes the xlc bug, and also adds
| 	    support for this kind of constant expression.  In the
| 	    meantime, this test will reject xlc, which is OK, since
| 	    our stdbool.h substitute should suffice.  We also test
| 	    this with GCC, where it should work, to detect more
| 	    quickly whether someone messes up the test in the
| 	    future.  */
| 	 char digs[] = "0123456789";
| 	 int xlcbug = 1 / (&(digs + 5)[-2 + (bool) 1] == &digs[4] ? 1 : -1);
| #	endif
| 	/* Catch a bug in an HP-UX C compiler.  See
| 	   http://gcc.gnu.org/ml/gcc-patches/2003-12/msg02303.html
| 	   http://lists.gnu.org/archive/html/bug-coreutils/2005-11/msg00161.html
| 	 */
| 	_Bool q = true;
| 	_Bool *pq = &q;
| 
| int
| main ()
| {
| 
| 	*pq |= q;
| 	*pq |= ! q;
| 	/* Refer to every declared value, to avoid compiler optimizations.  */
| 	return (!a + !b + !c + !d + !e + !f + !g + !h + !i + !!j + !k + !!l
| 		+ !m + !n + !o + !p + !q + !pq);
| 
|   ;
|   return 0;
| }
configure:15024: result: no
configure:15026: checking for _Bool
configure:15056: gcc -c -g -O2  conftest.c >&5
configure:15062: $? = 0
configure:15077: result: yes
configure:15096: checking for an ANSI C-conforming const
configure:15171: gcc -c -g -O2  conftest.c >&5
configure:15177: $? = 0
configure:15192: result: yes
configure:15202: checking for inline
configure:15228: gcc -c -g -O2  conftest.c >&5
configure:15234: $? = 0
configure:15252: result: inline
configure:15271: checking for size_t
configure:15301: gcc -c -g -O2  conftest.c >&5
configure:15307: $? = 0
configure:15322: result: yes
configure:15336: checking for ANSI C header files
configure:15500: result: yes
configure:15526: checking sys/select.h usability
configure:15543: gcc -c -g -O2  conftest.c >&5
configure:15549: $? = 0
configure:15563: result: yes
configure:15567: checking sys/select.h presence
configure:15582: gcc -E  conftest.c
configure:15588: $? = 0
configure:15602: result: yes
configure:15635: checking for sys/select.h
configure:15643: result: yes
configure:15526: checking sys/socket.h usability
configure:15543: gcc -c -g -O2  conftest.c >&5
configure:15549: $? = 0
configure:15563: result: yes
configure:15567: checking sys/socket.h presence
configure:15582: gcc -E  conftest.c
configure:15588: $? = 0
configure:15602: result: yes
configure:15635: checking for sys/socket.h
configure:15643: result: yes
configure:15656: checking types of arguments for select
configure:15694: gcc -c -g -O2  conftest.c >&5
configure:15700: $? = 0
configure:15721: result: int,fd_set *,struct timeval *
configure:15885: creating ./config.status

## ---------------------- ##
## Running config.status. ##
## ---------------------- ##

This file was extended by oll config.status 0.03, which was
generated by GNU Autoconf 2.61.  Invocation command line was

  CONFIG_FILES    = 
  CONFIG_HEADERS  = 
  CONFIG_LINKS    = 
  CONFIG_COMMANDS = 
  $ ./config.status 

on hecomba

config.status:905: creating Makefile
config.status:905: creating config.h
config.status:1187: executing depfiles commands
config.status:1187: executing libtool commands

## ---------------- ##
## Cache variables. ##
## ---------------- ##

ac_cv_build=i386-apple-darwin11.4.2
ac_cv_c_compiler_gnu=yes
ac_cv_c_const=yes
ac_cv_c_inline=inline
ac_cv_cxx_compiler_gnu=yes
ac_cv_env_CCC_set=
ac_cv_env_CCC_value=
ac_cv_env_CC_set=
ac_cv_env_CC_value=
ac_cv_env_CFLAGS_set=
ac_cv_env_CFLAGS_value=
ac_cv_env_CPPFLAGS_set=
ac_cv_env_CPPFLAGS_value=
ac_cv_env_CPP_set=
ac_cv_env_CPP_value=
ac_cv_env_CXXCPP_set=
ac_cv_env_CXXCPP_value=
ac_cv_env_CXXFLAGS_set=
ac_cv_env_CXXFLAGS_value=
ac_cv_env_CXX_set=
ac_cv_env_CXX_value=
ac_cv_env_LDFLAGS_set=
ac_cv_env_LDFLAGS_value=
ac_cv_env_LIBS_set=
ac_cv_env_LIBS_value=
ac_cv_env_build_alias_set=
ac_cv_env_build_alias_value=
ac_cv_env_host_alias_set=
ac_cv_env_host_alias_value=
ac_cv_env_target_alias_set=
ac_cv_env_target_alias_value=
ac_cv_func_select_args='int,fd_set *,struct timeval *'
ac_cv_header_dlfcn_h=yes
ac_cv_header_inttypes_h=yes
ac_cv_header_memory_h=yes
ac_cv_header_stdbool_h=no
ac_cv_header_stdc=yes
ac_cv_header_stdint_h=yes
ac_cv_header_stdlib_h=yes
ac_cv_header_string_h=yes
ac_cv_header_strings_h=yes
ac_cv_header_sys_select_h=yes
ac_cv_header_sys_socket_h=yes
ac_cv_header_sys_stat_h=yes
ac_cv_header_sys_types_h=yes
ac_cv_header_unistd_h=yes
ac_cv_host=i386-apple-darwin11.4.2
ac_cv_objext=o
ac_cv_path_EGREP='/usr/bin/grep -E'
ac_cv_path_FGREP='/usr/bin/grep -F'
ac_cv_path_GREP=/usr/bin/grep
ac_cv_path_SED=/usr/bin/sed
ac_cv_path_install='/usr/bin/install -c'
ac_cv_prog_AWK=awk
ac_cv_prog_CPP='gcc -E'
ac_cv_prog_CXXCPP='g++ -E'
ac_cv_prog_ac_ct_AR=ar
ac_cv_prog_ac_ct_CC=gcc
ac_cv_prog_ac_ct_CXX=g++
ac_cv_prog_ac_ct_DSYMUTIL=dsymutil
ac_cv_prog_ac_ct_LIPO=lipo
ac_cv_prog_ac_ct_NMEDIT=nmedit
ac_cv_prog_ac_ct_OTOOL=otool
ac_cv_prog_ac_ct_RANLIB=ranlib
ac_cv_prog_ac_ct_STRIP=strip
ac_cv_prog_cc_c89=
ac_cv_prog_cc_g=yes
ac_cv_prog_cxx_g=yes
ac_cv_prog_make_make_set=yes
ac_cv_type__Bool=yes
ac_cv_type_size_t=yes
am_cv_CC_dependencies_compiler_type=gcc3
am_cv_CXX_dependencies_compiler_type=gcc3
lt_cv_apple_cc_single_mod=yes
lt_cv_deplibs_check_method=pass_all
lt_cv_file_magic_cmd='$MAGIC_CMD'
lt_cv_file_magic_test_file=
lt_cv_ld_exported_symbols_list=yes
lt_cv_ld_reload_flag=-r
lt_cv_nm_interface='BSD nm'
lt_cv_objdir=.libs
lt_cv_path_LD=/usr/llvm-gcc-4.2/libexec/gcc/i686-apple-darwin11/4.2.1/ld
lt_cv_path_LDCXX=/usr/llvm-gcc-4.2/libexec/gcc/i686-apple-darwin11/4.2.1/ld
lt_cv_path_NM=/usr/bin/nm
lt_cv_prog_compiler_c_o=yes
lt_cv_prog_compiler_c_o_CXX=yes
lt_cv_prog_compiler_pic_works=yes
lt_cv_prog_compiler_pic_works_CXX=yes
lt_cv_prog_compiler_rtti_exceptions=no
lt_cv_prog_compiler_static_works=no
lt_cv_prog_compiler_static_works_CXX=no
lt_cv_prog_gnu_ld=no
lt_cv_prog_gnu_ldcxx=no
lt_cv_sys_global_symbol_pipe='sed -n -e '\''s/^.*[	 ]\([BCDEGRST][BCDEGRST]*\)[	 ][	 ]*_\([_A-Za-z][_A-Za-z0-9]*\)$/\1 _\2 \2/p'\'''
lt_cv_sys_global_symbol_to_c_name_address='sed -n -e '\''s/^: \([^ ]*\) $/  {\"\1\", (void *) 0},/p'\'' -e '\''s/^[BCDEGRST]* \([^ ]*\) \([^ ]*\)$/  {"\2", (void *) \&\2},/p'\'''
lt_cv_sys_global_symbol_to_c_name_address_lib_prefix='sed -n -e '\''s/^: \([^ ]*\) $/  {\"\1\", (void *) 0},/p'\'' -e '\''s/^[BCDEGRST]* \([^ ]*\) \(lib[^ ]*\)$/  {"\2", (void *) \&\2},/p'\'' -e '\''s/^[BCDEGRST]* \([^ ]*\) \([^ ]*\)$/  {"lib\2", (void *) \&\2},/p'\'''
lt_cv_sys_global_symbol_to_cdecl='sed -n -e '\''s/^T .* \(.*\)$/extern int \1();/p'\'' -e '\''s/^[BCDEGRST]* .* \(.*\)$/extern char \1;/p'\'''
lt_cv_sys_max_cmd_len=196608

## ----------------- ##
## Output variables. ##
## ----------------- ##

ACLOCAL='${SHELL} /Users/hecomi/Program/cpp/node/HAS/node_addon/oll/missing --run aclocal-1.10'
AMDEPBACKSLASH='\'
AMDEP_FALSE='#'
AMDEP_TRUE=''
AMTAR='${SHELL} /Users/hecomi/Program/cpp/node/HAS/node_addon/oll/missing --run tar'
AR='ar'
AUTOCONF='${SHELL} /Users/hecomi/Program/cpp/node/HAS/node_addon/oll/missing --run autoconf'
AUTOHEADER='${SHELL} /Users/hecomi/Program/cpp/node/HAS/node_addon/oll/missing --run autoheader'
AUTOMAKE='${SHELL} /Users/hecomi/Program/cpp/node/HAS/node_addon/oll/missing --run automake-1.10'
AWK='awk'
CC='gcc'
CCDEPMODE='depmode=gcc3'
CFLAGS='-g -O2 -Wall -Wformat=2 -pipe -Wno-sign-compare -D_FORTIFY_SOURCE=1 -Wcast-qual -Wcast-align -Wpointer-arith -Wwrite-strings'
CPP='gcc -E'
CPPFLAGS=' -Wall -Wformat=2 -pipe -Wno-sign-compare -D_FORTIFY_SOURCE=1 -Wcast-qual -Wcast-align -Wpointer-arith -Wwrite-strings -Woverloaded-virtual'
CXX='g++'
CXXCPP='g++ -E'
CXXDEPMODE='depmode=gcc3'
CXXFLAGS='-g -O2'
CYGPATH_W='echo'
DEFS='-DHAVE_CONFIG_H'
DEPDIR='.deps'
DSYMUTIL='dsymutil'
DUMPBIN=''
ECHO_C='ECHO_N=''
ECHO_T=''
EGREP='/usr/bin/grep -E'
EXEEXT=''
FGREP='/usr/bin/grep -F'
GREP='/usr/bin/grep'
INSTALL_DATA='${INSTALL} -m 644'
INSTALL_PROGRAM='${INSTALL}'
INSTALL_SCRIPT='${INSTALL}'
INSTALL_STRIP_PROGRAM='$(install_sh) -c -s'
LD='/usr/llvm-gcc-4.2/libexec/gcc/i686-apple-darwin11/4.2.1/ld'
LDFLAGS=''
LIBOBJS=''
LIBS=''
LIBTOOL='$(SHELL) $(top_builddir)/libtool'
LIPO='lipo'
LN_S='ln -s'
LTLIBOBJS=''
MAKEINFO='${SHELL} /Users/hecomi/Program/cpp/node/HAS/node_addon/oll/missing --run makeinfo'
NM='/usr/bin/nm'
NMEDIT='nmedit'
OBJEXT='o'
OTOOL64=':'
OTOOL='otool'
PACKAGE='oll'
PACKAGE_BUGREPORT='hillbig@is.s.u-tokyo.ac.jp'
PACKAGE_NAME='oll'
PACKAGE_STRING='oll 0.03'
PACKAGE_TARNAME='oll'
PACKAGE_VERSION='0.03'
PATH_SEPARATOR=':'
RANLIB='ranlib'
SED='/usr/bin/sed'
SET_MAKE=''
SHELL='/bin/sh'
STRIP='strip'
VERSION='0.03'
ac_ct_CC='gcc'
ac_ct_CXX='g++'
ac_ct_DUMPBIN=''
am__fastdepCC_FALSE='#'
am__fastdepCC_TRUE=''
am__fastdepCXX_FALSE='#'
am__fastdepCXX_TRUE=''
am__include='include'
am__isrc=''
am__leading_dot='.'
am__quote=''
am__tar='${AMTAR} chof - "$$tardir"'
am__untar='${AMTAR} xf -'
bindir='${exec_prefix}/bin'
build='i386-apple-darwin11.4.2'
build_alias=''
build_cpu='i386'
build_os='darwin11.4.2'
build_vendor='apple'
datadir='${datarootdir}'
datarootdir='${prefix}/share'
docdir='${datarootdir}/doc/${PACKAGE_TARNAME}'
dvidir='${docdir}'
exec_prefix='${prefix}'
host='i386-apple-darwin11.4.2'
host_alias=''
host_cpu='i386'
host_os='darwin11.4.2'
host_vendor='apple'
htmldir='${docdir}'
includedir='${prefix}/include'
infodir='${datarootdir}/info'
install_sh='$(SHELL) /Users/hecomi/Program/cpp/node/HAS/node_addon/oll/install-sh'
libdir='${exec_prefix}/lib'
libexecdir='${exec_prefix}/libexec'
localedir='${datarootdir}/locale'
localstatedir='${prefix}/var'
lt_ECHO='/bin/echo'
mandir='${datarootdir}/man'
mkdir_p='$(top_builddir)/./install-sh -c -d'
oldincludedir='/usr/include'
pdfdir='${docdir}'
prefix='/usr/local'
program_transform_name='s,x,x,'
psdir='${docdir}'
sbindir='${exec_prefix}/sbin'
sharedstatedir='${prefix}/com'
sysconfdir='${prefix}/etc'
target_alias=''

## ----------- ##
## confdefs.h. ##
## ----------- ##

#define PACKAGE_NAME "oll"
#define PACKAGE_TARNAME "oll"
#define PACKAGE_VERSION "0.03"
#define PACKAGE_STRING "oll 0.03"
#define PACKAGE_BUGREPORT "hillbig@is.s.u-tokyo.ac.jp"
#define PACKAGE "oll"
#define VERSION "0.03"
#define STDC_HEADERS 1
#define HAVE_SYS_TYPES_H 1
#define HAVE_SYS_STAT_H 1
#define HAVE_STDLIB_H 1
#define HAVE_STRING_H 1
#define HAVE_MEMORY_H 1
#define HAVE_STRINGS_H 1
#define HAVE_INTTYPES_H 1
#define HAVE_STDINT_H 1
#define HAVE_UNISTD_H 1
#define HAVE_DLFCN_H 1
#define LT_OBJDIR ".libs/"
#define HAVE__BOOL 1
#define STDC_HEADERS 1
#define HAVE_SYS_SELECT_H 1
#define HAVE_SYS_SOCKET_H 1
#define SELECT_TYPE_ARG1 int
#define SELECT_TYPE_ARG234 (fd_set *)
#define SELECT_TYPE_ARG5 (struct timeval *)

configure: exit 0
